<?xml version="1.0" encoding="UTF-8"?>
<!-- Generated by org.testng.reporters.JUnitReportReporter -->
<testsuite skipped="0" hostname="TWLAHP-0074" name="com.Metro.SeleniumJenkins.App" tests="1" failures="0" timestamp="2021-01-05T15:08:40 IST" time="22.821" errors="0">
  <testcase name="fblogin" time="22.821" classname="com.Metro.SeleniumJenkins.App"/>
  <system-out/>
</testsuite> <!-- com.Metro.SeleniumJenkins.App -->
