<?xml version="1.0" encoding="UTF-8"?>
<!-- Generated by org.testng.reporters.JUnitReportReporter -->
<testsuite hostname="TWLAHP-0074" name="com.Metro.SeleniumJenkins.App" tests="1" failures="0" timestamp="5 Jan 2021 09:47:29 GMT" time="18.343" errors="0">
  <testcase name="fblogin" time="18.343" classname="com.Metro.SeleniumJenkins.App"/>
</testsuite> <!-- com.Metro.SeleniumJenkins.App -->
